2025-05-03 05:35:13,362 - INFO - Logging is configured and started.
2025-05-03 05:35:13,362 - INFO - Reading input CSV files...
2025-05-03 05:35:13,369 - INFO - Validating required columns...
2025-05-03 05:35:13,375 - INFO - Converting call_date to datetime...
2025-05-03 05:35:13,381 - INFO - Merging call logs with agent roster...
2025-05-03 05:35:13,390 - INFO - Merging with disposition summary...
2025-05-03 05:35:13,394 - INFO - Data merged successfully.
2025-05-03 05:35:13,394 - INFO - Computing agent performance metrics...
2025-05-03 05:35:13,414 - INFO - Metrics computed.
2025-05-03 05:35:13,421 - INFO - 
Agent Summary for 2025-04-28 00:00:00
Top Performer: AgentFirst3 AgentLast3 (38% connect rate)
Total Active Agents: 20
Average Duration: 0.12 min
2025-05-03 05:44:37,030 [INFO] Logging setup complete.
2025-05-03 05:44:37,030 [INFO] Starting pipeline...
2025-05-03 05:44:37,031 [INFO] Reading input files...
2025-05-03 05:44:37,038 [ERROR] Missing column 'call_date' in Agents data.
2025-05-03 05:45:39,992 [INFO] Logging setup complete.
2025-05-03 05:45:39,992 [INFO] Starting pipeline...
2025-05-03 05:45:39,992 [INFO] Reading input files...
2025-05-03 05:45:40,012 [WARNING] Disposition data has missing values:
login_time    3
dtype: int64
2025-05-03 05:45:40,016 [INFO] Merging datasets...
2025-05-03 05:45:40,030 [INFO] Computing agent performance metrics...
2025-05-03 05:45:40,045 [INFO] Metrics computed.
2025-05-03 05:45:40,049 [INFO] Summary report saved to agent_performance_summary.csv
2025-05-03 05:45:40,050 [INFO] Generating Slack-style summary...
2025-05-03 05:45:40,055 [INFO] Summary generated.
2025-05-03 05:45:40,056 [INFO] 
Agent Summary for 2025-04-28
Top Performer: AgentFirst3 AgentLast3 (38% connect rate)
Total Active Agents: 20
Average Duration: 0.12 min
2025-05-03 05:45:40,056 [INFO] Pipeline completed successfully.
2025-05-03 05:46:51,228 [INFO] Logging setup complete.
2025-05-03 05:46:51,228 [INFO] Starting pipeline...
2025-05-03 05:46:51,228 [INFO] Reading input files...
2025-05-03 05:46:51,244 [WARNING] Disposition data has missing values:
login_time    3
dtype: int64
2025-05-03 05:46:51,246 [INFO] Merging datasets...
2025-05-03 05:46:51,263 [INFO] Computing agent performance metrics...
2025-05-03 05:46:51,278 [INFO] Metrics computed.
2025-05-03 05:46:51,282 [INFO] Summary report saved to agent_performance_summary.csv
2025-05-03 05:46:51,282 [INFO] Generating Slack-style summary...
2025-05-03 05:46:51,284 [INFO] Summary generated.
2025-05-03 05:46:51,285 [INFO] 
Agent Summary for 2025-04-28
Top Performer: AgentFirst3 AgentLast3 (38% connect rate)
Total Active Agents: 20
Average Duration: 0.12 min
2025-05-03 05:46:51,285 [INFO] Pipeline completed successfully.
2025-05-03 06:04:10,694 [INFO] Logging setup complete.
2025-05-03 06:04:10,694 [INFO] Starting pipeline...
2025-05-03 06:04:10,694 [INFO] Reading input files...
2025-05-03 06:04:10,707 [WARNING] Disposition data has missing values:
login_time    3
dtype: int64
2025-05-03 06:04:10,710 [INFO] Merging datasets...
2025-05-03 06:04:10,725 [INFO] Computing agent performance metrics...
2025-05-03 06:04:10,742 [INFO] Metrics computed.
2025-05-03 06:04:10,745 [INFO] Summary report saved to agent_performance_summary.csv
2025-05-03 06:04:10,745 [INFO] Generating Slack-style summary...
2025-05-03 06:04:10,747 [INFO] Summary generated.
2025-05-03 06:04:10,747 [INFO] 
Agent Summary for 2025-04-28
Top Performer: AgentFirst3 AgentLast3 (38% connect rate)
Total Active Agents: 20
Average Duration: 0.12 min
2025-05-03 06:04:10,747 [INFO] Pipeline completed successfully.
